<?xml version="1.0" encoding="UTF-8"?>
<!-- Generated by org.testng.reporters.JUnitReportReporter -->
<testsuite hostname="Arathy_Jose" name="com.timesOfIndia.Selenium.Links" tests="1" failures="0" timestamp="11 Oct 2015 17:32:43 GMT" time="12.262" errors="0">
  <testcase name="getVisitLinks" time="12.262" classname="com.timesOfIndia.Selenium.Links"/>
</testsuite> <!-- com.timesOfIndia.Selenium.Links -->
