<?xml version="1.0" encoding="UTF-8"?>
<!-- Generated by org.testng.reporters.JUnitReportReporter -->
<testsuite hostname="Arathy_Jose" name="com.timesOfIndia.Selenium.WindowSwitching" tests="1" failures="0" timestamp="10 Oct 2015 18:22:42 GMT" time="0.818" errors="0">
  <testcase name="getWindow" time="0.818" classname="com.timesOfIndia.Selenium.WindowSwitching"/>
</testsuite> <!-- com.timesOfIndia.Selenium.WindowSwitching -->
