<?xml version="1.0" encoding="UTF-8"?>
<!-- Generated by org.testng.reporters.JUnitReportReporter -->
<testsuite hostname="Arathy_Jose" name="com.selenium.testNG.WikipediaOrg" tests="1" failures="0" timestamp="2 Oct 2015 03:47:06 GMT" time="0.435" errors="0">
  <testcase name="getLanguage" time="0.435" classname="com.selenium.testNG.WikipediaOrg"/>
</testsuite> <!-- com.selenium.testNG.WikipediaOrg -->
