<?xml version="1.0" encoding="UTF-8"?>
<!-- Generated by org.testng.reporters.JUnitReportReporter -->
<testsuite hostname="Arathy_Jose" name="com.selenium.testNG.TestStructure" tests="5" failures="0" timestamp="2 Oct 2015 14:11:33 GMT" time="8.846" errors="0">
  <testcase name="getDynamicUser" time="2.051" classname="com.selenium.testNG.TestStructure"/>
  <testcase name="getDynamicUser" time="1.645" classname="com.selenium.testNG.TestStructure"/>
  <testcase name="getDynamicUser" time="1.606" classname="com.selenium.testNG.TestStructure"/>
  <testcase name="getDynamicUser" time="2.154" classname="com.selenium.testNG.TestStructure"/>
  <testcase name="getDynamicUser" time="1.390" classname="com.selenium.testNG.TestStructure"/>
</testsuite> <!-- com.selenium.testNG.TestStructure -->
