<?xml version="1.0" encoding="UTF-8"?>
<!-- Generated by org.testng.reporters.JUnitReportReporter -->
<testsuite hostname="Arathy_Jose" name="com.timesOfIndia.Selenium.MathProblemTimesOfIndia" tests="1" failures="0" timestamp="13 Oct 2015 20:50:17 GMT" time="2.994" errors="0">
  <testcase name="getTimes" time="2.994" classname="com.timesOfIndia.Selenium.MathProblemTimesOfIndia"/>
</testsuite> <!-- com.timesOfIndia.Selenium.MathProblemTimesOfIndia -->
