<?xml version="1.0" encoding="UTF-8"?>
<!-- Generated by org.testng.reporters.JUnitReportReporter -->
<testsuite hostname="Arathy_Jose" name="com.timesOfIndia.Selenium.LinksAndVisitLinks" tests="1" failures="0" timestamp="10 Oct 2015 18:58:51 GMT" time="10.617" errors="0">
  <testcase name="getVisitLinks" time="10.617" classname="com.timesOfIndia.Selenium.LinksAndVisitLinks"/>
</testsuite> <!-- com.timesOfIndia.Selenium.LinksAndVisitLinks -->
