<?xml version="1.0" encoding="UTF-8"?>
<!-- Generated by org.testng.reporters.JUnitReportReporter -->
<testsuite hostname="Arathy_Jose" name="com.selenium.testNG.NewTest" tests="1" failures="0" timestamp="27 Sep 2015 18:41:54 GMT" time="0.349" errors="0">
  <testcase name="clickRegister" time="0.349" classname="com.selenium.testNG.NewTest"/>
</testsuite> <!-- com.selenium.testNG.NewTest -->
