<?xml version="1.0" encoding="UTF-8"?>
<!-- Generated by org.testng.reporters.JUnitReportReporter -->
<testsuite hostname="Arathy_Jose" name="com.timesOfIndia.Selenium.TimesOfIndia" tests="1" failures="0" timestamp="10 Oct 2015 17:10:22 GMT" time="3.668" errors="0">
  <testcase name="getTimes" time="3.668" classname="com.timesOfIndia.Selenium.TimesOfIndia"/>
</testsuite> <!-- com.timesOfIndia.Selenium.TimesOfIndia -->
